<?xml version="1.0" encoding="UTF-8"?>
<testng-results skipped="0" failed="0" total="1" passed="1">
  <reporter-output>
  </reporter-output>
  <suite name="Suite" duration-ms="27549" started-at="2021-02-08T20:53:56Z" finished-at="2021-02-08T20:54:24Z">
    <groups>
    </groups>
    <test name="Test" duration-ms="27549" started-at="2021-02-08T20:53:56Z" finished-at="2021-02-08T20:54:24Z">
      <class name="ProjectPPP.ProjectPPP.Class2">
        <test-method status="PASS" signature="f()[pri:0, instance:ProjectPPP.ProjectPPP.Class2@2aece37d]" name="f" duration-ms="27527" started-at="2021-02-09T02:23:56Z" finished-at="2021-02-09T02:24:24Z">
          <reporter-output>
          </reporter-output>
        </test-method> <!-- f -->
      </class> <!-- ProjectPPP.ProjectPPP.Class2 -->
    </test> <!-- Test -->
  </suite> <!-- Suite -->
</testng-results>
