<?xml version="1.0" encoding="UTF-8"?>
<testng-results skipped="0" failed="0" total="1" passed="1">
  <reporter-output>
  </reporter-output>
  <suite name="Suite" duration-ms="79429" started-at="2021-02-08T20:46:55Z" finished-at="2021-02-08T20:48:15Z">
    <groups>
    </groups>
    <test name="Test" duration-ms="79429" started-at="2021-02-08T20:46:55Z" finished-at="2021-02-08T20:48:15Z">
      <class name="ProjectPPP.ProjectPPP.Class2">
        <test-method status="PASS" signature="f()[pri:0, instance:ProjectPPP.ProjectPPP.Class2@124c278f]" name="f" duration-ms="79388" started-at="2021-02-09T02:16:55Z" finished-at="2021-02-09T02:18:15Z">
          <reporter-output>
          </reporter-output>
        </test-method> <!-- f -->
      </class> <!-- ProjectPPP.ProjectPPP.Class2 -->
    </test> <!-- Test -->
  </suite> <!-- Suite -->
</testng-results>
